This file contains any messages produced by compilers while
running configure, to aid debugging if configure makes a mistake.

It was created by extundelete configure 0.2.4, which was
generated by GNU Autoconf 2.68.  Invocation command line was

  $ ./configure 

## --------- ##
## Platform. ##
## --------- ##

hostname = user-System-Product-Name
uname -m = x86_64
uname -r = 5.15.0-58-generic
uname -s = Linux
uname -v = #64~20.04.1-Ubuntu SMP Fri Jan 6 16:42:31 UTC 2023

/usr/bin/uname -p = x86_64
/bin/uname -X     = unknown

/bin/arch              = x86_64
/usr/bin/arch -k       = unknown
/usr/convex/getsysinfo = unknown
/usr/bin/hostinfo      = unknown
/bin/machine           = unknown
/usr/bin/oslevel       = unknown
/bin/universe          = unknown

PATH: /home/user/anaconda3/envs/unleashing/bin
PATH: /home/user/anaconda3/bin
PATH: /home/user/.local/bin
PATH: /usr/bin
PATH: /home/user/.local/bin
PATH: /home/user/anaconda3/bin
PATH: /home/user/anaconda3/bin
PATH: /home/user/.local/bin
PATH: /usr/bin
PATH: /usr/local/sbin
PATH: /usr/local/bin
PATH: /usr/sbin
PATH: /usr/bin
PATH: /sbin
PATH: /bin
PATH: /usr/games
PATH: /usr/local/games
PATH: /snap/bin


## ----------- ##
## Core tests. ##
## ----------- ##

configure:2271: checking for a BSD-compatible install
configure:2339: result: /usr/bin/install -c
configure:2350: checking whether build environment is sane
configure:2400: result: yes
configure:2541: checking for a thread-safe mkdir -p
configure:2580: result: /usr/bin/mkdir -p
configure:2593: checking for gawk
configure:2623: result: no
configure:2593: checking for mawk
configure:2609: found /usr/bin/mawk
configure:2620: result: mawk
configure:2631: checking whether make sets $(MAKE)
configure:2653: result: yes
configure:2798: checking for g++
configure:2814: found /usr/bin/g++
configure:2825: result: g++
configure:2852: checking for C++ compiler version
configure:2861: g++ --version >&5
g++ (Ubuntu 9.4.0-1ubuntu1~20.04.1) 9.4.0
Copyright (C) 2019 Free Software Foundation, Inc.
This is free software; see the source for copying conditions.  There is NO
warranty; not even for MERCHANTABILITY or FITNESS FOR A PARTICULAR PURPOSE.

configure:2872: $? = 0
configure:2861: g++ -v >&5
Using built-in specs.
COLLECT_GCC=g++
COLLECT_LTO_WRAPPER=/usr/lib/gcc/x86_64-linux-gnu/9/lto-wrapper
OFFLOAD_TARGET_NAMES=nvptx-none:hsa
OFFLOAD_TARGET_DEFAULT=1
Target: x86_64-linux-gnu
Configured with: ../src/configure -v --with-pkgversion='Ubuntu 9.4.0-1ubuntu1~20.04.1' --with-bugurl=file:///usr/share/doc/gcc-9/README.Bugs --enable-languages=c,ada,c++,go,brig,d,fortran,objc,obj-c++,gm2 --prefix=/usr --with-gcc-major-version-only --program-suffix=-9 --program-prefix=x86_64-linux-gnu- --enable-shared --enable-linker-build-id --libexecdir=/usr/lib --without-included-gettext --enable-threads=posix --libdir=/usr/lib --enable-nls --enable-clocale=gnu --enable-libstdcxx-debug --enable-libstdcxx-time=yes --with-default-libstdcxx-abi=new --enable-gnu-unique-object --disable-vtable-verify --enable-plugin --enable-default-pie --with-system-zlib --with-target-system-zlib=auto --enable-objc-gc=auto --enable-multiarch --disable-werror --with-arch-32=i686 --with-abi=m64 --with-multilib-list=m32,m64,mx32 --enable-multilib --with-tune=generic --enable-offload-targets=nvptx-none=/build/gcc-9-Av3uEd/gcc-9-9.4.0/debian/tmp-nvptx/usr,hsa --without-cuda-driver --enable-checking=release --build=x86_64-linux-gnu --host=x86_64-linux-gnu --target=x86_64-linux-gnu
Thread model: posix
gcc version 9.4.0 (Ubuntu 9.4.0-1ubuntu1~20.04.1) 
configure:2872: $? = 0
configure:2861: g++ -V >&5
g++: error: unrecognized command line option '-V'
g++: fatal error: no input files
compilation terminated.
configure:2872: $? = 1
configure:2861: g++ -qversion >&5
g++: error: unrecognized command line option '-qversion'; did you mean '--version'?
g++: fatal error: no input files
compilation terminated.
configure:2872: $? = 1
configure:2892: checking whether the C++ compiler works
configure:2914: g++    conftest.cpp  >&5
configure:2918: $? = 0
configure:2966: result: yes
configure:2969: checking for C++ compiler default output file name
configure:2971: result: a.out
configure:2977: checking for suffix of executables
configure:2984: g++ -o conftest    conftest.cpp  >&5
configure:2988: $? = 0
configure:3010: result: 
configure:3032: checking whether we are cross compiling
configure:3040: g++ -o conftest    conftest.cpp  >&5
configure:3044: $? = 0
configure:3051: ./conftest
configure:3055: $? = 0
configure:3043: result: no
configure:3048: checking for suffix of object files
configure:3070: g++ -c   conftest.cpp >&5
configure:3074: $? = 0
configure:3095: result: o
configure:3099: checking whether we are using the GNU C++ compiler
configure:3118: g++ -c   conftest.cpp >&5
configure:3118: $? = 0
configure:3127: result: yes
configure:3136: checking whether g++ accepts -g
configure:3156: g++ -c -g  conftest.cpp >&5
configure:3156: $? = 0
configure:3197: result: yes
configure:3231: checking for style of include used by make
configure:3259: result: GNU
configure:3285: checking dependency style of g++
configure:3396: result: gcc3
configure:3459: checking for gcc
configure:3475: found /usr/bin/gcc
configure:3486: result: gcc
configure:3715: checking for C compiler version
configure:3724: gcc --version >&5
gcc (Ubuntu 9.4.0-1ubuntu1~20.04.1) 9.4.0
Copyright (C) 2019 Free Software Foundation, Inc.
This is free software; see the source for copying conditions.  There is NO
warranty; not even for MERCHANTABILITY or FITNESS FOR A PARTICULAR PURPOSE.

configure:3735: $? = 0
configure:3724: gcc -v >&5
Using built-in specs.
COLLECT_GCC=gcc
COLLECT_LTO_WRAPPER=/usr/lib/gcc/x86_64-linux-gnu/9/lto-wrapper
OFFLOAD_TARGET_NAMES=nvptx-none:hsa
OFFLOAD_TARGET_DEFAULT=1
Target: x86_64-linux-gnu
Configured with: ../src/configure -v --with-pkgversion='Ubuntu 9.4.0-1ubuntu1~20.04.1' --with-bugurl=file:///usr/share/doc/gcc-9/README.Bugs --enable-languages=c,ada,c++,go,brig,d,fortran,objc,obj-c++,gm2 --prefix=/usr --with-gcc-major-version-only --program-suffix=-9 --program-prefix=x86_64-linux-gnu- --enable-shared --enable-linker-build-id --libexecdir=/usr/lib --without-included-gettext --enable-threads=posix --libdir=/usr/lib --enable-nls --enable-clocale=gnu --enable-libstdcxx-debug --enable-libstdcxx-time=yes --with-default-libstdcxx-abi=new --enable-gnu-unique-object --disable-vtable-verify --enable-plugin --enable-default-pie --with-system-zlib --with-target-system-zlib=auto --enable-objc-gc=auto --enable-multiarch --disable-werror --with-arch-32=i686 --with-abi=m64 --with-multilib-list=m32,m64,mx32 --enable-multilib --with-tune=generic --enable-offload-targets=nvptx-none=/build/gcc-9-Av3uEd/gcc-9-9.4.0/debian/tmp-nvptx/usr,hsa --without-cuda-driver --enable-checking=release --build=x86_64-linux-gnu --host=x86_64-linux-gnu --target=x86_64-linux-gnu
Thread model: posix
gcc version 9.4.0 (Ubuntu 9.4.0-1ubuntu1~20.04.1) 
configure:3735: $? = 0
configure:3724: gcc -V >&5
gcc: error: unrecognized command line option '-V'
gcc: fatal error: no input files
compilation terminated.
configure:3735: $? = 1
configure:3724: gcc -qversion >&5
gcc: error: unrecognized command line option '-qversion'; did you mean '--version'?
gcc: fatal error: no input files
compilation terminated.
configure:3735: $? = 1
configure:3739: checking whether we are using the GNU C compiler
configure:3758: gcc -c   conftest.c >&5
configure:3758: $? = 0
configure:3767: result: yes
configure:3776: checking whether gcc accepts -g
configure:3796: gcc -c -g  conftest.c >&5
configure:3796: $? = 0
configure:3837: result: yes
configure:3854: checking for gcc option to accept ISO C89
configure:3918: gcc  -c   conftest.c >&5
configure:3918: $? = 0
configure:3931: result: none needed
configure:3953: checking dependency style of gcc
configure:4064: result: gcc3
configure:4087: checking whether C compiler accepts -g
configure:4106: gcc -c -g  conftest.c >&5
configure:4106: $? = 0
configure:4116: result: yes
configure:4124: checking whether C compiler accepts -O2
configure:4143: gcc -c -O2  conftest.c >&5
configure:4143: $? = 0
configure:4153: result: yes
configure:4161: checking whether C compiler accepts -std=c99
configure:4176: gcc -c -std=c99  conftest.c >&5
configure:4176: $? = 0
configure:4184: result: yes
configure:4192: checking whether C compiler accepts -Wall
configure:4211: gcc -c -Wall  conftest.c >&5
configure:4211: $? = 0
configure:4221: result: yes
configure:4229: checking whether C compiler accepts -W
configure:4248: gcc -c -W  conftest.c >&5
configure:4248: $? = 0
configure:4258: result: yes
configure:4266: checking whether C compiler accepts -pedantic
configure:4285: gcc -c -pedantic  conftest.c >&5
configure:4285: $? = 0
configure:4295: result: yes
configure:4303: checking whether C compiler accepts -Wredundant-decls
configure:4322: gcc -c -Wredundant-decls  conftest.c >&5
configure:4322: $? = 0
configure:4332: result: yes
configure:4340: checking whether C compiler accepts -Wshadow
configure:4359: gcc -c -Wshadow  conftest.c >&5
configure:4359: $? = 0
configure:4369: result: yes
configure:4377: checking whether C compiler accepts -Wpointer-arith
configure:4396: gcc -c -Wpointer-arith  conftest.c >&5
configure:4396: $? = 0
configure:4406: result: yes
configure:4414: checking whether C compiler accepts -Wwrite-strings
configure:4433: gcc -c -Wwrite-strings  conftest.c >&5
configure:4433: $? = 0
configure:4443: result: yes
configure:4451: checking whether C compiler accepts -Winit-self
configure:4470: gcc -c -Winit-self  conftest.c >&5
configure:4470: $? = 0
configure:4480: result: yes
configure:4488: checking whether C compiler accepts -Wconversion
configure:4507: gcc -c -Wconversion  conftest.c >&5
configure:4507: $? = 0
configure:4517: result: yes
configure:4525: checking whether C compiler accepts -pg
configure:4544: gcc -c -pg  conftest.c >&5
configure:4544: $? = 0
configure:4554: result: yes
configure:4562: checking whether C compiler accepts -O3
configure:4581: gcc -c -O3  conftest.c >&5
configure:4581: $? = 0
configure:4591: result: yes
configure:4607: checking whether C++ compiler accepts -g
configure:4626: g++ -c -g  conftest.cpp >&5
configure:4626: $? = 0
configure:4636: result: yes
configure:4644: checking whether C++ compiler accepts -O2
configure:4663: g++ -c -O2  conftest.cpp >&5
configure:4663: $? = 0
configure:4673: result: yes
configure:4681: checking whether C++ compiler accepts -std=c++0x
configure:4696: g++ -c -std=c++0x  conftest.cpp >&5
configure:4696: $? = 0
configure:4704: result: yes
configure:4712: checking whether C++ compiler accepts -std=c++11
configure:4727: g++ -c -std=c++11  conftest.cpp >&5
configure:4727: $? = 0
configure:4735: result: yes
configure:4743: checking whether C++ compiler accepts -W
configure:4762: g++ -c -W  conftest.cpp >&5
configure:4762: $? = 0
configure:4772: result: yes
configure:4780: checking whether C++ compiler accepts -Wall
configure:4799: g++ -c -Wall  conftest.cpp >&5
configure:4799: $? = 0
configure:4809: result: yes
configure:4817: checking whether C++ compiler accepts -std=c++0x -pedantic
configure:4832: g++ -c -std=c++0x -pedantic  conftest.cpp >&5
configure:4832: $? = 0
configure:4840: result: yes
configure:4848: checking whether C++ compiler accepts -std=c++11 -pedantic
configure:4863: g++ -c -std=c++11 -pedantic  conftest.cpp >&5
configure:4863: $? = 0
configure:4871: result: yes
configure:4879: checking whether C++ compiler accepts -Wredundant-decls
configure:4898: g++ -c -Wredundant-decls  conftest.cpp >&5
configure:4898: $? = 0
configure:4908: result: yes
configure:4916: checking whether C++ compiler accepts -Wshadow
configure:4935: g++ -c -Wshadow  conftest.cpp >&5
configure:4935: $? = 0
configure:4945: result: yes
configure:4953: checking whether C++ compiler accepts -Wpointer-arith
configure:4972: g++ -c -Wpointer-arith  conftest.cpp >&5
configure:4972: $? = 0
configure:4982: result: yes
configure:4990: checking whether C++ compiler accepts -Wwrite-strings
configure:5009: g++ -c -Wwrite-strings  conftest.cpp >&5
configure:5009: $? = 0
configure:5019: result: yes
configure:5027: checking whether C++ compiler accepts -Woverloaded-virtual
configure:5046: g++ -c -Woverloaded-virtual  conftest.cpp >&5
configure:5046: $? = 0
configure:5056: result: yes
configure:5064: checking whether C++ compiler accepts -Weffc++
configure:5083: g++ -c -Weffc++  conftest.cpp >&5
configure:5083: $? = 0
configure:5093: result: yes
configure:5101: checking whether C++ compiler accepts -Winit-self
configure:5120: g++ -c -Winit-self  conftest.cpp >&5
configure:5120: $? = 0
configure:5130: result: yes
configure:5138: checking whether C++ compiler accepts -Wconversion
configure:5157: g++ -c -Wconversion  conftest.cpp >&5
configure:5157: $? = 0
configure:5167: result: yes
configure:5175: checking whether C++ compiler accepts -pg
configure:5194: g++ -c -pg  conftest.cpp >&5
configure:5194: $? = 0
configure:5204: result: yes
configure:5212: checking whether C++ compiler accepts -O3
configure:5231: g++ -c -O3  conftest.cpp >&5
configure:5231: $? = 0
configure:5241: result: yes
configure:5267: checking for ext2fs_bmap in -lext2fs
configure:5292: gcc -o conftest    conftest.c -lext2fs   >&5
/usr/bin/ld: cannot find -lext2fs
collect2: error: ld returned 1 exit status
configure:5292: $? = 1
configure: failed program was:
| /* confdefs.h */
| #define PACKAGE_NAME "extundelete"
| #define PACKAGE_TARNAME "extundelete"
| #define PACKAGE_VERSION "0.2.4"
| #define PACKAGE_STRING "extundelete 0.2.4"
| #define PACKAGE_BUGREPORT "extundelete.sourceforge.net"
| #define PACKAGE_URL ""
| #define PACKAGE "extundelete"
| #define VERSION "0.2.4"
| /* end confdefs.h.  */
| 
| /* Override any GCC internal prototype to avoid an error.
|    Use char because int might match the return type of a GCC
|    builtin and then its argument prototype would still apply.  */
| #ifdef __cplusplus
| extern "C"
| #endif
| char ext2fs_bmap ();
| int
| main ()
| {
| return ext2fs_bmap ();
|   ;
|   return 0;
| }
configure:5301: result: no
configure:5312: error: Can't find ext2fs library

## ---------------- ##
## Cache variables. ##
## ---------------- ##

ac_cv_c_compiler_gnu=yes
ac_cv_cxx_compiler_gnu=yes
ac_cv_env_CCC_set=
ac_cv_env_CCC_value=
ac_cv_env_CC_set=
ac_cv_env_CC_value=
ac_cv_env_CFLAGS_set=
ac_cv_env_CFLAGS_value=
ac_cv_env_CPPFLAGS_set=
ac_cv_env_CPPFLAGS_value=
ac_cv_env_CPP_set=
ac_cv_env_CPP_value=
ac_cv_env_CXXFLAGS_set=
ac_cv_env_CXXFLAGS_value=
ac_cv_env_CXX_set=
ac_cv_env_CXX_value=
ac_cv_env_LDFLAGS_set=
ac_cv_env_LDFLAGS_value=
ac_cv_env_LIBS_set=
ac_cv_env_LIBS_value=
ac_cv_env_build_alias_set=
ac_cv_env_build_alias_value=
ac_cv_env_host_alias_set=
ac_cv_env_host_alias_value=
ac_cv_env_target_alias_set=
ac_cv_env_target_alias_value=
ac_cv_lib_ext2fs_ext2fs_bmap=no
ac_cv_objext=o
ac_cv_path_install='/usr/bin/install -c'
ac_cv_path_mkdir=/usr/bin/mkdir
ac_cv_prog_AWK=mawk
ac_cv_prog_ac_ct_CC=gcc
ac_cv_prog_ac_ct_CXX=g++
ac_cv_prog_cc_c89=
ac_cv_prog_cc_g=yes
ac_cv_prog_cxx_g=yes
ac_cv_prog_make_make_set=yes
am_cv_CC_dependencies_compiler_type=gcc3
am_cv_CXX_dependencies_compiler_type=gcc3
ax_cv_c_flags__O2=yes
ax_cv_c_flags__O3=yes
ax_cv_c_flags__W=yes
ax_cv_c_flags__Wall=yes
ax_cv_c_flags__Wconversion=yes
ax_cv_c_flags__Winit_self=yes
ax_cv_c_flags__Wpointer_arith=yes
ax_cv_c_flags__Wredundant_decls=yes
ax_cv_c_flags__Wshadow=yes
ax_cv_c_flags__Wwrite_strings=yes
ax_cv_c_flags__g=yes
ax_cv_c_flags__pedantic=yes
ax_cv_c_flags__pg=yes
ax_cv_c_flags__std_c99=yes
ax_cv_cxx_flags__O2=yes
ax_cv_cxx_flags__O3=yes
ax_cv_cxx_flags__W=yes
ax_cv_cxx_flags__Wall=yes
ax_cv_cxx_flags__Wconversion=yes
ax_cv_cxx_flags__Weffcpp=yes
ax_cv_cxx_flags__Winit_self=yes
ax_cv_cxx_flags__Woverloaded_virtual=yes
ax_cv_cxx_flags__Wpointer_arith=yes
ax_cv_cxx_flags__Wredundant_decls=yes
ax_cv_cxx_flags__Wshadow=yes
ax_cv_cxx_flags__Wwrite_strings=yes
ax_cv_cxx_flags__g=yes
ax_cv_cxx_flags__pg=yes
ax_cv_cxx_flags__std_cpp0x=yes
ax_cv_cxx_flags__std_cpp0x__pedantic=yes
ax_cv_cxx_flags__std_cpp11=yes
ax_cv_cxx_flags__std_cpp11__pedantic=yes

## ----------------- ##
## Output variables. ##
## ----------------- ##

ACLOCAL='${SHELL} /home/user/wz/new_attnx1-parsingQ/extundelete-0.2.4/missing --run aclocal-1.11'
AMDEPBACKSLASH='\'
AMDEP_FALSE='#'
AMDEP_TRUE=''
AMTAR='$${TAR-tar}'
AUTOCONF='${SHELL} /home/user/wz/new_attnx1-parsingQ/extundelete-0.2.4/missing --run autoconf'
AUTOHEADER='${SHELL} /home/user/wz/new_attnx1-parsingQ/extundelete-0.2.4/missing --run autoheader'
AUTOMAKE='${SHELL} /home/user/wz/new_attnx1-parsingQ/extundelete-0.2.4/missing --run automake-1.11'
AWK='mawk'
CC='gcc'
CCDEPMODE='depmode=gcc3'
CFLAGS=''
CPP=''
CPPFLAGS=''
CXX='g++'
CXXDEPMODE='depmode=gcc3'
CXXFLAGS=''
CYGPATH_W='echo'
DEFS=''
DEPDIR='.deps'
ECHO_C=''
ECHO_N='-n'
ECHO_T=''
EGREP=''
EU_CFLAGS=' -g -O2'
EU_CXXFLAGS=' -g -O2'
EU_OPTFLAGS=' -O3'
EU_OPTXXFLAGS=' -O3'
EU_SCFLAGS=' -pedantic -Wredundant-decls -Wshadow -Wpointer-arith -Wwrite-strings -Winit-self -Wconversion'
EU_SCXXFLAGS=' -pedantic -pedantic -Wredundant-decls -Wshadow -Wpointer-arith -Wwrite-strings -Woverloaded-virtual -Weffc++ -Winit-self -Wconversion'
EU_WCFLAGS=' -std=c99 -Wall -W'
EU_WCXXFLAGS=' -std=c++0x -std=c++11 -W -Wall'
EXEEXT=''
GREP=''
INSTALL_DATA='${INSTALL} -m 644'
INSTALL_PROGRAM='${INSTALL}'
INSTALL_SCRIPT='${INSTALL}'
INSTALL_STRIP_PROGRAM='$(install_sh) -c -s'
LDFLAGS=''
LIBOBJS=''
LIBS=''
LTLIBOBJS=''
MAKEINFO='${SHELL} /home/user/wz/new_attnx1-parsingQ/extundelete-0.2.4/missing --run makeinfo'
MKDIR_P='/usr/bin/mkdir -p'
OBJEXT='o'
PACKAGE='extundelete'
PACKAGE_BUGREPORT='extundelete.sourceforge.net'
PACKAGE_NAME='extundelete'
PACKAGE_STRING='extundelete 0.2.4'
PACKAGE_TARNAME='extundelete'
PACKAGE_URL=''
PACKAGE_VERSION='0.2.4'
PATH_SEPARATOR=':'
SET_MAKE=''
SHELL='/bin/bash'
STRIP=''
VERSION='0.2.4'
ac_ct_CC='gcc'
ac_ct_CXX='g++'
am__EXEEXT_FALSE=''
am__EXEEXT_TRUE=''
am__fastdepCC_FALSE='#'
am__fastdepCC_TRUE=''
am__fastdepCXX_FALSE='#'
am__fastdepCXX_TRUE=''
am__include='include'
am__isrc=''
am__leading_dot='.'
am__nodep='_no'
am__quote=''
am__tar='$${TAR-tar} chof - "$$tardir"'
am__untar='$${TAR-tar} xf -'
bindir='${exec_prefix}/bin'
build_alias=''
datadir='${datarootdir}'
datarootdir='${prefix}/share'
docdir='${datarootdir}/doc/${PACKAGE_TARNAME}'
dvidir='${docdir}'
exec_prefix='NONE'
host_alias=''
htmldir='${docdir}'
includedir='${prefix}/include'
infodir='${datarootdir}/info'
install_sh='${SHELL} /home/user/wz/new_attnx1-parsingQ/extundelete-0.2.4/install-sh'
libdir='${exec_prefix}/lib'
libexecdir='${exec_prefix}/libexec'
localedir='${datarootdir}/locale'
localstatedir='${prefix}/var'
mandir='${datarootdir}/man'
mkdir_p='/usr/bin/mkdir -p'
oldincludedir='/usr/include'
pdfdir='${docdir}'
prefix='NONE'
program_transform_name='s,x,x,'
psdir='${docdir}'
sbindir='${exec_prefix}/sbin'
sharedstatedir='${prefix}/com'
sysconfdir='${prefix}/etc'
target_alias=''

## ----------- ##
## confdefs.h. ##
## ----------- ##

/* confdefs.h */
#define PACKAGE_NAME "extundelete"
#define PACKAGE_TARNAME "extundelete"
#define PACKAGE_VERSION "0.2.4"
#define PACKAGE_STRING "extundelete 0.2.4"
#define PACKAGE_BUGREPORT "extundelete.sourceforge.net"
#define PACKAGE_URL ""
#define PACKAGE "extundelete"
#define VERSION "0.2.4"

configure: exit 1
